commit fbe95b80fb8b91bdc955d7e4ae9f427830289dd9
Merge: 8c8f5f1 a2697c8
Author: GaussX0 <kmalecki2002@gmail.com>
Date:   Thu Oct 26 12:04:10 2023 +0200

    Rozwiązano konflikt, wybrano jutro

commit a2697c8137dc0cd9eb27ef52e55424078b36f3c6
Author: GaussX0 <100538509+GaussX0@users.noreply.github.com>
Date:   Thu Oct 26 14:01:36 2023 +0200

    Aktualizowano datę na lepszą

commit b6261c2e53d5e53c1e25bc06f1f397fa782f9bfb
Merge: 66444e4 99db7de
Author: GaussX0 <100538509+GaussX0@users.noreply.github.com>
Date:   Thu Oct 26 14:00:06 2023 +0200

    Scalenie zmian - dodanie pliku wykonywalnego
    
    Nowy program

commit 66444e4290344b3fe73a07f477be1581619d67cd
Author: GaussX0 <100538509+GaussX0@users.noreply.github.com>
Date:   Thu Oct 26 13:52:41 2023 +0200

    Dodano datę

commit 8c8f5f1e47544243bef823ce45be8777840573e7
Author: GaussX0 <kmalecki2002@gmail.com>
Date:   Thu Oct 26 12:02:18 2023 +0200

    Aktualizowano datę na jutrzejszą

commit 99db7dee896d7daab119682bab76d3d1de655d0c
Author: GaussX0 <kmalecki2002@gmail.com>
Date:   Thu Oct 26 11:58:23 2023 +0200

    Aktualizacja loga

commit ccb55b410402e9255e016d04d202f08f6bdc31f7
Author: GaussX0 <kmalecki2002@gmail.com>
Date:   Thu Oct 26 11:57:55 2023 +0200

    Dodano folder dist

commit ea50f9be1d79a92a2468c16991b1ad8531afd033
Author: GaussX0 <kmalecki2002@gmail.com>
Date:   Thu Oct 26 11:56:30 2023 +0200

    Dodano zyczenia

commit d9083f1376135ba54440989f0ce2b8699dd01e10
Author: GaussX0 <kmalecki2002@gmail.com>
Date:   Thu Oct 26 11:55:49 2023 +0200

    Dodano komentarze

commit febee58f4f00746718bd3753cd99bb5d58fae47d
Author: GaussX0 <kmalecki2002@gmail.com>
Date:   Thu Oct 26 11:50:59 2023 +0200

    Dodano folder 04-git oraz Program.java

commit 76f7b61bb1f11f3d3752cff1cbf140b224abec68
Author: GaussX0 <kmalecki2002@gmail.com>
Date:   Thu Oct 26 11:46:39 2023 +0200

    Dodano imie i nazwisko

commit 0cfa5f4a5c37c82092d724855ffd9a830ed93ed3
Author: GaussX0 <100538509+GaussX0@users.noreply.github.com>
Date:   Thu Oct 26 13:37:14 2023 +0200

    Initial commit
